#
# There is insufficient memory for the Java Runtime Environment to continue.
# Native memory allocation (malloc) failed to allocate 270016 bytes for Chunk::new
# Possible reasons:
#   The system is out of physical RAM or swap space
#   The process is running with CompressedOops enabled, and the Java Heap may be blocking the growth of the native heap
# Possible solutions:
#   Reduce memory load on the system
#   Increase physical memory or swap space
#   Check if swap backing store is full
#   Decrease Java heap size (-Xmx/-Xms)
#   Decrease number of Java threads
#   Decrease Java thread stack sizes (-Xss)
#   Set larger code cache with -XX:ReservedCodeCacheSize=
#   JVM is running with Unscaled Compressed Oops mode in which the Java heap is
#     placed in the first 4GB address space. The Java Heap base address is the
#     maximum limit for the native heap growth. Please use -XX:HeapBaseMinAddress
#     to set the Java Heap base and to place the Java Heap above 4GB virtual address.
# This output file may be truncated or incomplete.
#
#  Out of Memory Error (arena.cpp:168), pid=7412, tid=2212
#
# JRE version: Java(TM) SE Runtime Environment (21.0.2+13) (build 21.0.2+13-LTS-58)
# Java VM: Java HotSpot(TM) 64-Bit Server VM (21.0.2+13-LTS-58, mixed mode, sharing, tiered, compressed oops, compressed class ptrs, g1 gc, windows-amd64)
# No core dump will be written. Minidumps are not enabled by default on client versions of Windows
#

---------------  S U M M A R Y ------------

Command Line: -javaagent:C:\Program Files\JetBrains\IntelliJ IDEA Community Edition 2024.1.4\lib\idea_rt.jar=56437:C:\Program Files\JetBrains\IntelliJ IDEA Community Edition 2024.1.4\bin -Dfile.encoding=UTF-8 -Dsun.stdout.encoding=UTF-8 -Dsun.stderr.encoding=UTF-8 com.example.movies.MoviesApplication

Host: Intel(R) Core(TM) i5-8265U CPU @ 1.60GHz, 8 cores, 7G,  Windows 11 , 64 bit Build 25267 (10.0.25267.1000)
Time: Sun Jul 21 21:40:19 2024 India Standard Time elapsed time: 2.610845 seconds (0d 0h 0m 2s)

---------------  T H R E A D  ---------------

Current thread (0x0000015825ae6d70):  JavaThread "C2 CompilerThread0" daemon [_thread_in_native, id=2212, stack(0x0000000dc6100000,0x0000000dc6200000) (1024K)]


Current CompileTask:
C2:   2610 1672       4       java.util.jar.JarFile::getVersionedEntry (133 bytes)

Stack: [0x0000000dc6100000,0x0000000dc6200000]
Native frames: (J=compiled Java code, j=interpreted, Vv=VM code, C=native code)
V  [jvm.dll+0x6cade9]
V  [jvm.dll+0x8569c1]
V  [jvm.dll+0x858d2e]
V  [jvm.dll+0x859413]
V  [jvm.dll+0x280e56]
V  [jvm.dll+0xc3f3d]
V  [jvm.dll+0xc4473]
V  [jvm.dll+0x2f437f]
V  [jvm.dll+0x5f5056]
V  [jvm.dll+0x252d7f]
V  [jvm.dll+0x25315f]
V  [jvm.dll+0x24b8e0]
V  [jvm.dll+0x2490a3]
V  [jvm.dll+0x1c9634]
V  [jvm.dll+0x258859]
V  [jvm.dll+0x256e3a]
V  [jvm.dll+0x3ef6c6]
V  [jvm.dll+0x7ff568]
V  [jvm.dll+0x6c953d]
C  [ucrtbase.dll+0x2b11b]
C  [KERNEL32.DLL+0x13d2d]
C  [ntdll.dll+0x4d838]


---------------  P R O C E S S  ---------------

Threads class SMR info:
_java_thread_list=0x000001586be40240, length=15, elements={
0x000001580708e9c0, 0x0000015825acaae0, 0x0000015825acf810, 0x0000015825ad0a10,
0x0000015825ad1900, 0x0000015825ad2510, 0x0000015825adb260, 0x0000015825ae6d70,
0x0000015825aeb6e0, 0x000001586b0cfc40, 0x000001586b0d02d0, 0x000001586b0d0ff0,
0x000001586b0cf5b0, 0x000001586b0ce200, 0x000001586be40700
}

Java Threads: ( => current thread )
  0x000001580708e9c0 JavaThread "main"                              [_thread_blocked, id=7084, stack(0x0000000dc5300000,0x0000000dc5400000) (1024K)]
  0x0000015825acaae0 JavaThread "Reference Handler"          daemon [_thread_blocked, id=19436, stack(0x0000000dc5b00000,0x0000000dc5c00000) (1024K)]
  0x0000015825acf810 JavaThread "Finalizer"                  daemon [_thread_blocked, id=7912, stack(0x0000000dc5c00000,0x0000000dc5d00000) (1024K)]
  0x0000015825ad0a10 JavaThread "Signal Dispatcher"          daemon [_thread_blocked, id=12772, stack(0x0000000dc5d00000,0x0000000dc5e00000) (1024K)]
  0x0000015825ad1900 JavaThread "Attach Listener"            daemon [_thread_blocked, id=17936, stack(0x0000000dc5e00000,0x0000000dc5f00000) (1024K)]
  0x0000015825ad2510 JavaThread "Service Thread"             daemon [_thread_blocked, id=9336, stack(0x0000000dc5f00000,0x0000000dc6000000) (1024K)]
  0x0000015825adb260 JavaThread "Monitor Deflation Thread"   daemon [_thread_blocked, id=17892, stack(0x0000000dc6000000,0x0000000dc6100000) (1024K)]
=>0x0000015825ae6d70 JavaThread "C2 CompilerThread0"         daemon [_thread_in_native, id=2212, stack(0x0000000dc6100000,0x0000000dc6200000) (1024K)]
  0x0000015825aeb6e0 JavaThread "C1 CompilerThread0"         daemon [_thread_blocked, id=12788, stack(0x0000000dc6200000,0x0000000dc6300000) (1024K)]
  0x000001586b0cfc40 JavaThread "Common-Cleaner"             daemon [_thread_blocked, id=19528, stack(0x0000000dc6300000,0x0000000dc6400000) (1024K)]
  0x000001586b0d02d0 JavaThread "Monitor Ctrl-Break"         daemon [_thread_in_native, id=4112, stack(0x0000000dc6500000,0x0000000dc6600000) (1024K)]
  0x000001586b0d0ff0 JavaThread "Notification Thread"        daemon [_thread_blocked, id=15552, stack(0x0000000dc6600000,0x0000000dc6700000) (1024K)]
  0x000001586b0cf5b0 JavaThread "Thread-0"                          [_thread_blocked, id=14684, stack(0x0000000dc6800000,0x0000000dc6900000) (1024K)]
  0x000001586b0ce200 JavaThread "restartedMain"                     [_thread_blocked, id=16756, stack(0x0000000dc6900000,0x0000000dc6a00000) (1024K)]
  0x000001586be40700 JavaThread "C2 CompilerThread1"         daemon [_thread_in_native, id=22428, stack(0x0000000dc7000000,0x0000000dc7100000) (1024K)]
Total: 15

Other Threads:
  0x0000015825aa4ff0 VMThread "VM Thread"                           [id=13128, stack(0x0000000dc5a00000,0x0000000dc5b00000) (1024K)]
  0x0000015825a8d470 WatcherThread "VM Periodic Task Thread"        [id=13132, stack(0x0000000dc5900000,0x0000000dc5a00000) (1024K)]
  0x0000015807210fd0 WorkerThread "GC Thread#0"                     [id=20416, stack(0x0000000dc5400000,0x0000000dc5500000) (1024K)]
  0x000001586bd55240 WorkerThread "GC Thread#1"                     [id=10800, stack(0x0000000dc6700000,0x0000000dc6800000) (1024K)]
  0x000001586bd56190 WorkerThread "GC Thread#2"                     [id=22436, stack(0x0000000dc6a00000,0x0000000dc6b00000) (1024K)]
  0x000001586bced300 WorkerThread "GC Thread#3"                     [id=20032, stack(0x0000000dc6b00000,0x0000000dc6c00000) (1024K)]
  0x000001586bb68800 WorkerThread "GC Thread#4"                     [id=3004, stack(0x0000000dc6c00000,0x0000000dc6d00000) (1024K)]
  0x000001586bb693b0 WorkerThread "GC Thread#5"                     [id=15720, stack(0x0000000dc6d00000,0x0000000dc6e00000) (1024K)]
  0x000001586bdb2d60 WorkerThread "GC Thread#6"                     [id=20752, stack(0x0000000dc6e00000,0x0000000dc6f00000) (1024K)]
  0x000001586bdb3be0 WorkerThread "GC Thread#7"                     [id=19552, stack(0x0000000dc6f00000,0x0000000dc7000000) (1024K)]
  0x0000015807221cb0 ConcurrentGCThread "G1 Main Marker"            [id=2916, stack(0x0000000dc5500000,0x0000000dc5600000) (1024K)]
  0x0000015807226090 WorkerThread "G1 Conc#0"                       [id=9120, stack(0x0000000dc5600000,0x0000000dc5700000) (1024K)]
  0x0000015825950160 ConcurrentGCThread "G1 Refine#0"               [id=10728, stack(0x0000000dc5700000,0x0000000dc5800000) (1024K)]
  0x0000015825950a80 ConcurrentGCThread "G1 Service"                [id=13692, stack(0x0000000dc5800000,0x0000000dc5900000) (1024K)]
Total: 14

Threads with active compile tasks:
C2 CompilerThread0     2641 1672       4       java.util.jar.JarFile::getVersionedEntry (133 bytes)
C2 CompilerThread1     2641 1650       4       org.springframework.boot.context.properties.source.ConfigurationPropertyName$ElementsParser::parse (234 bytes)
Total: 2

VM state: not at safepoint (normal execution)

VM Mutex/Monitor currently owned by a thread: None

OutOfMemory and StackOverflow Exception counts:
OutOfMemoryError java_heap_errors=1
LinkageErrors=38

Heap address: 0x0000000081c00000, size: 2020 MB, Compressed Oops mode: 32-bit

CDS archive(s) mapped at: [0x0000015826000000-0x0000015826c90000-0x0000015826c90000), size 13172736, SharedBaseAddress: 0x0000015826000000, ArchiveRelocationMode: 1.
Compressed class space mapped at: 0x0000015827000000-0x0000015867000000, reserved size: 1073741824
Narrow klass base: 0x0000015826000000, Narrow klass shift: 0, Narrow klass range: 0x100000000

GC Precious Log:
 CardTable entry size: 512
 Card Set container configuration: InlinePtr #cards 5 size 8 Array Of Cards #cards 12 size 40 Howl #buckets 4 coarsen threshold 1843 Howl Bitmap #cards 512 size 80 coarsen threshold 460 Card regions per heap region 1 cards per card region 2048
 CPUs: 8 total, 8 available
 Memory: 8073M
 Large Page Support: Disabled
 NUMA Support: Disabled
 Compressed Oops: Enabled (32-bit)
 Heap Region Size: 1M
 Heap Min Capacity: 8M
 Heap Initial Capacity: 128M
 Heap Max Capacity: 2020M
 Pre-touch: Disabled
 Parallel Workers: 8
 Concurrent Workers: 2
 Concurrent Refinement Workers: 8
 Periodic GC: Disabled

Heap:
 garbage-first heap   total 131072K, used 14495K [0x0000000081c00000, 0x0000000100000000)
  region size 1024K, 13 young (13312K), 3 survivors (3072K)
 Metaspace       used 9044K, committed 9280K, reserved 1114112K
  class space    used 1104K, committed 1216K, reserved 1048576K

Heap Regions: E=young(eden), S=young(survivor), O=old, HS=humongous(starts), HC=humongous(continues), CS=collection set, F=free, TAMS=top-at-mark-start, PB=parsable bottom
|   0|0x0000000081c00000, 0x0000000081d00000, 0x0000000081d00000|100%| O|  |TAMS 0x0000000081c00000| PB 0x0000000081c00000| Untracked 
|   1|0x0000000081d00000, 0x0000000081e00000, 0x0000000081e00000|100%| O|  |TAMS 0x0000000081d00000| PB 0x0000000081d00000| Untracked 
|   2|0x0000000081e00000, 0x0000000081e27fd8, 0x0000000081f00000| 15%| O|  |TAMS 0x0000000081e00000| PB 0x0000000081e00000| Untracked 
|   3|0x0000000081f00000, 0x0000000081f00000, 0x0000000082000000|  0%| F|  |TAMS 0x0000000081f00000| PB 0x0000000081f00000| Untracked 
|   4|0x0000000082000000, 0x0000000082000000, 0x0000000082100000|  0%| F|  |TAMS 0x0000000082000000| PB 0x0000000082000000| Untracked 
|   5|0x0000000082100000, 0x0000000082100000, 0x0000000082200000|  0%| F|  |TAMS 0x0000000082100000| PB 0x0000000082100000| Untracked 
|   6|0x0000000082200000, 0x0000000082200000, 0x0000000082300000|  0%| F|  |TAMS 0x0000000082200000| PB 0x0000000082200000| Untracked 
|   7|0x0000000082300000, 0x0000000082300000, 0x0000000082400000|  0%| F|  |TAMS 0x0000000082300000| PB 0x0000000082300000| Untracked 
|   8|0x0000000082400000, 0x0000000082400000, 0x0000000082500000|  0%| F|  |TAMS 0x0000000082400000| PB 0x0000000082400000| Untracked 
|   9|0x0000000082500000, 0x0000000082500000, 0x0000000082600000|  0%| F|  |TAMS 0x0000000082500000| PB 0x0000000082500000| Untracked 
|  10|0x0000000082600000, 0x0000000082600000, 0x0000000082700000|  0%| F|  |TAMS 0x0000000082600000| PB 0x0000000082600000| Untracked 
|  11|0x0000000082700000, 0x0000000082700000, 0x0000000082800000|  0%| F|  |TAMS 0x0000000082700000| PB 0x0000000082700000| Untracked 
|  12|0x0000000082800000, 0x0000000082800000, 0x0000000082900000|  0%| F|  |TAMS 0x0000000082800000| PB 0x0000000082800000| Untracked 
|  13|0x0000000082900000, 0x0000000082900000, 0x0000000082a00000|  0%| F|  |TAMS 0x0000000082900000| PB 0x0000000082900000| Untracked 
|  14|0x0000000082a00000, 0x0000000082a00000, 0x0000000082b00000|  0%| F|  |TAMS 0x0000000082a00000| PB 0x0000000082a00000| Untracked 
|  15|0x0000000082b00000, 0x0000000082b00000, 0x0000000082c00000|  0%| F|  |TAMS 0x0000000082b00000| PB 0x0000000082b00000| Untracked 
|  16|0x0000000082c00000, 0x0000000082c00000, 0x0000000082d00000|  0%| F|  |TAMS 0x0000000082c00000| PB 0x0000000082c00000| Untracked 
|  17|0x0000000082d00000, 0x0000000082d00000, 0x0000000082e00000|  0%| F|  |TAMS 0x0000000082d00000| PB 0x0000000082d00000| Untracked 
|  18|0x0000000082e00000, 0x0000000082e00000, 0x0000000082f00000|  0%| F|  |TAMS 0x0000000082e00000| PB 0x0000000082e00000| Untracked 
|  19|0x0000000082f00000, 0x0000000082f00000, 0x0000000083000000|  0%| F|  |TAMS 0x0000000082f00000| PB 0x0000000082f00000| Untracked 
|  20|0x0000000083000000, 0x0000000083000000, 0x0000000083100000|  0%| F|  |TAMS 0x0000000083000000| PB 0x0000000083000000| Untracked 
|  21|0x0000000083100000, 0x0000000083100000, 0x0000000083200000|  0%| F|  |TAMS 0x0000000083100000| PB 0x0000000083100000| Untracked 
|  22|0x0000000083200000, 0x0000000083200000, 0x0000000083300000|  0%| F|  |TAMS 0x0000000083200000| PB 0x0000000083200000| Untracked 
|  23|0x0000000083300000, 0x0000000083300000, 0x0000000083400000|  0%| F|  |TAMS 0x0000000083300000| PB 0x0000000083300000| Untracked 
|  24|0x0000000083400000, 0x0000000083400000, 0x0000000083500000|  0%| F|  |TAMS 0x0000000083400000| PB 0x0000000083400000| Untracked 
|  25|0x0000000083500000, 0x0000000083500000, 0x0000000083600000|  0%| F|  |TAMS 0x0000000083500000| PB 0x0000000083500000| Untracked 
|  26|0x0000000083600000, 0x0000000083600000, 0x0000000083700000|  0%| F|  |TAMS 0x0000000083600000| PB 0x0000000083600000| Untracked 
|  27|0x0000000083700000, 0x0000000083700000, 0x0000000083800000|  0%| F|  |TAMS 0x0000000083700000| PB 0x0000000083700000| Untracked 
|  28|0x0000000083800000, 0x0000000083800000, 0x0000000083900000|  0%| F|  |TAMS 0x0000000083800000| PB 0x0000000083800000| Untracked 
|  29|0x0000000083900000, 0x0000000083900000, 0x0000000083a00000|  0%| F|  |TAMS 0x0000000083900000| PB 0x0000000083900000| Untracked 
|  30|0x0000000083a00000, 0x0000000083a00000, 0x0000000083b00000|  0%| F|  |TAMS 0x0000000083a00000| PB 0x0000000083a00000| Untracked 
|  31|0x0000000083b00000, 0x0000000083b00000, 0x0000000083c00000|  0%| F|  |TAMS 0x0000000083b00000| PB 0x0000000083b00000| Untracked 
|  32|0x0000000083c00000, 0x0000000083c00000, 0x0000000083d00000|  0%| F|  |TAMS 0x0000000083c00000| PB 0x0000000083c00000| Untracked 
|  33|0x0000000083d00000, 0x0000000083d00000, 0x0000000083e00000|  0%| F|  |TAMS 0x0000000083d00000| PB 0x0000000083d00000| Untracked 
|  34|0x0000000083e00000, 0x0000000083e00000, 0x0000000083f00000|  0%| F|  |TAMS 0x0000000083e00000| PB 0x0000000083e00000| Untracked 
|  35|0x0000000083f00000, 0x0000000083f00000, 0x0000000084000000|  0%| F|  |TAMS 0x0000000083f00000| PB 0x0000000083f00000| Untracked 
|  36|0x0000000084000000, 0x0000000084000000, 0x0000000084100000|  0%| F|  |TAMS 0x0000000084000000| PB 0x0000000084000000| Untracked 
|  37|0x0000000084100000, 0x0000000084100000, 0x0000000084200000|  0%| F|  |TAMS 0x0000000084100000| PB 0x0000000084100000| Untracked 
|  38|0x0000000084200000, 0x0000000084200000, 0x0000000084300000|  0%| F|  |TAMS 0x0000000084200000| PB 0x0000000084200000| Untracked 
|  39|0x0000000084300000, 0x0000000084300000, 0x0000000084400000|  0%| F|  |TAMS 0x0000000084300000| PB 0x0000000084300000| Untracked 
|  40|0x0000000084400000, 0x0000000084400000, 0x0000000084500000|  0%| F|  |TAMS 0x0000000084400000| PB 0x0000000084400000| Untracked 
|  41|0x0000000084500000, 0x0000000084500000, 0x0000000084600000|  0%| F|  |TAMS 0x0000000084500000| PB 0x0000000084500000| Untracked 
|  42|0x0000000084600000, 0x0000000084600000, 0x0000000084700000|  0%| F|  |TAMS 0x0000000084600000| PB 0x0000000084600000| Untracked 
|  43|0x0000000084700000, 0x0000000084700000, 0x0000000084800000|  0%| F|  |TAMS 0x0000000084700000| PB 0x0000000084700000| Untracked 
|  44|0x0000000084800000, 0x0000000084800000, 0x0000000084900000|  0%| F|  |TAMS 0x0000000084800000| PB 0x0000000084800000| Untracked 
|  45|0x0000000084900000, 0x0000000084900000, 0x0000000084a00000|  0%| F|  |TAMS 0x0000000084900000| PB 0x0000000084900000| Untracked 
|  46|0x0000000084a00000, 0x0000000084a00000, 0x0000000084b00000|  0%| F|  |TAMS 0x0000000084a00000| PB 0x0000000084a00000| Untracked 
|  47|0x0000000084b00000, 0x0000000084b00000, 0x0000000084c00000|  0%| F|  |TAMS 0x0000000084b00000| PB 0x0000000084b00000| Untracked 
|  48|0x0000000084c00000, 0x0000000084c00000, 0x0000000084d00000|  0%| F|  |TAMS 0x0000000084c00000| PB 0x0000000084c00000| Untracked 
|  49|0x0000000084d00000, 0x0000000084d00000, 0x0000000084e00000|  0%| F|  |TAMS 0x0000000084d00000| PB 0x0000000084d00000| Untracked 
|  50|0x0000000084e00000, 0x0000000084e00000, 0x0000000084f00000|  0%| F|  |TAMS 0x0000000084e00000| PB 0x0000000084e00000| Untracked 
|  51|0x0000000084f00000, 0x0000000084f00000, 0x0000000085000000|  0%| F|  |TAMS 0x0000000084f00000| PB 0x0000000084f00000| Untracked 
|  52|0x0000000085000000, 0x0000000085000000, 0x0000000085100000|  0%| F|  |TAMS 0x0000000085000000| PB 0x0000000085000000| Untracked 
|  53|0x0000000085100000, 0x0000000085100000, 0x0000000085200000|  0%| F|  |TAMS 0x0000000085100000| PB 0x0000000085100000| Untracked 
|  54|0x0000000085200000, 0x0000000085200000, 0x0000000085300000|  0%| F|  |TAMS 0x0000000085200000| PB 0x0000000085200000| Untracked 
|  55|0x0000000085300000, 0x0000000085300000, 0x0000000085400000|  0%| F|  |TAMS 0x0000000085300000| PB 0x0000000085300000| Untracked 
|  56|0x0000000085400000, 0x0000000085400000, 0x0000000085500000|  0%| F|  |TAMS 0x0000000085400000| PB 0x0000000085400000| Untracked 
|  57|0x0000000085500000, 0x0000000085500000, 0x0000000085600000|  0%| F|  |TAMS 0x0000000085500000| PB 0x0000000085500000| Untracked 
|  58|0x0000000085600000, 0x0000000085600000, 0x0000000085700000|  0%| F|  |TAMS 0x0000000085600000| PB 0x0000000085600000| Untracked 
|  59|0x0000000085700000, 0x0000000085700000, 0x0000000085800000|  0%| F|  |TAMS 0x0000000085700000| PB 0x0000000085700000| Untracked 
|  60|0x0000000085800000, 0x0000000085800000, 0x0000000085900000|  0%| F|  |TAMS 0x0000000085800000| PB 0x0000000085800000| Untracked 
|  61|0x0000000085900000, 0x0000000085900000, 0x0000000085a00000|  0%| F|  |TAMS 0x0000000085900000| PB 0x0000000085900000| Untracked 
|  62|0x0000000085a00000, 0x0000000085a00000, 0x0000000085b00000|  0%| F|  |TAMS 0x0000000085a00000| PB 0x0000000085a00000| Untracked 
|  63|0x0000000085b00000, 0x0000000085b00000, 0x0000000085c00000|  0%| F|  |TAMS 0x0000000085b00000| PB 0x0000000085b00000| Untracked 
|  64|0x0000000085c00000, 0x0000000085c00000, 0x0000000085d00000|  0%| F|  |TAMS 0x0000000085c00000| PB 0x0000000085c00000| Untracked 
|  65|0x0000000085d00000, 0x0000000085d00000, 0x0000000085e00000|  0%| F|  |TAMS 0x0000000085d00000| PB 0x0000000085d00000| Untracked 
|  66|0x0000000085e00000, 0x0000000085e00000, 0x0000000085f00000|  0%| F|  |TAMS 0x0000000085e00000| PB 0x0000000085e00000| Untracked 
|  67|0x0000000085f00000, 0x0000000085f00000, 0x0000000086000000|  0%| F|  |TAMS 0x0000000085f00000| PB 0x0000000085f00000| Untracked 
|  68|0x0000000086000000, 0x0000000086000000, 0x0000000086100000|  0%| F|  |TAMS 0x0000000086000000| PB 0x0000000086000000| Untracked 
|  69|0x0000000086100000, 0x0000000086100000, 0x0000000086200000|  0%| F|  |TAMS 0x0000000086100000| PB 0x0000000086100000| Untracked 
|  70|0x0000000086200000, 0x0000000086200000, 0x0000000086300000|  0%| F|  |TAMS 0x0000000086200000| PB 0x0000000086200000| Untracked 
|  71|0x0000000086300000, 0x0000000086300000, 0x0000000086400000|  0%| F|  |TAMS 0x0000000086300000| PB 0x0000000086300000| Untracked 
|  72|0x0000000086400000, 0x0000000086400000, 0x0000000086500000|  0%| F|  |TAMS 0x0000000086400000| PB 0x0000000086400000| Untracked 
|  73|0x0000000086500000, 0x0000000086500000, 0x0000000086600000|  0%| F|  |TAMS 0x0000000086500000| PB 0x0000000086500000| Untracked 
|  74|0x0000000086600000, 0x0000000086600000, 0x0000000086700000|  0%| F|  |TAMS 0x0000000086600000| PB 0x0000000086600000| Untracked 
|  75|0x0000000086700000, 0x0000000086700000, 0x0000000086800000|  0%| F|  |TAMS 0x0000000086700000| PB 0x0000000086700000| Untracked 
|  76|0x0000000086800000, 0x0000000086800000, 0x0000000086900000|  0%| F|  |TAMS 0x0000000086800000| PB 0x0000000086800000| Untracked 
|  77|0x0000000086900000, 0x0000000086900000, 0x0000000086a00000|  0%| F|  |TAMS 0x0000000086900000| PB 0x0000000086900000| Untracked 
|  78|0x0000000086a00000, 0x0000000086a00000, 0x0000000086b00000|  0%| F|  |TAMS 0x0000000086a00000| PB 0x0000000086a00000| Untracked 
|  79|0x0000000086b00000, 0x0000000086b00000, 0x0000000086c00000|  0%| F|  |TAMS 0x0000000086b00000| PB 0x0000000086b00000| Untracked 
|  80|0x0000000086c00000, 0x0000000086c00000, 0x0000000086d00000|  0%| F|  |TAMS 0x0000000086c00000| PB 0x0000000086c00000| Untracked 
|  81|0x0000000086d00000, 0x0000000086d00000, 0x0000000086e00000|  0%| F|  |TAMS 0x0000000086d00000| PB 0x0000000086d00000| Untracked 
|  82|0x0000000086e00000, 0x0000000086e00000, 0x0000000086f00000|  0%| F|  |TAMS 0x0000000086e00000| PB 0x0000000086e00000| Untracked 
|  83|0x0000000086f00000, 0x0000000086f00000, 0x0000000087000000|  0%| F|  |TAMS 0x0000000086f00000| PB 0x0000000086f00000| Untracked 
|  84|0x0000000087000000, 0x0000000087000000, 0x0000000087100000|  0%| F|  |TAMS 0x0000000087000000| PB 0x0000000087000000| Untracked 
|  85|0x0000000087100000, 0x0000000087100000, 0x0000000087200000|  0%| F|  |TAMS 0x0000000087100000| PB 0x0000000087100000| Untracked 
|  86|0x0000000087200000, 0x0000000087200000, 0x0000000087300000|  0%| F|  |TAMS 0x0000000087200000| PB 0x0000000087200000| Untracked 
|  87|0x0000000087300000, 0x0000000087300000, 0x0000000087400000|  0%| F|  |TAMS 0x0000000087300000| PB 0x0000000087300000| Untracked 
|  88|0x0000000087400000, 0x0000000087400000, 0x0000000087500000|  0%| F|  |TAMS 0x0000000087400000| PB 0x0000000087400000| Untracked 
|  89|0x0000000087500000, 0x0000000087500000, 0x0000000087600000|  0%| F|  |TAMS 0x0000000087500000| PB 0x0000000087500000| Untracked 
|  90|0x0000000087600000, 0x0000000087600000, 0x0000000087700000|  0%| F|  |TAMS 0x0000000087600000| PB 0x0000000087600000| Untracked 
|  91|0x0000000087700000, 0x0000000087700000, 0x0000000087800000|  0%| F|  |TAMS 0x0000000087700000| PB 0x0000000087700000| Untracked 
|  92|0x0000000087800000, 0x0000000087800000, 0x0000000087900000|  0%| F|  |TAMS 0x0000000087800000| PB 0x0000000087800000| Untracked 
|  93|0x0000000087900000, 0x0000000087900000, 0x0000000087a00000|  0%| F|  |TAMS 0x0000000087900000| PB 0x0000000087900000| Untracked 
|  94|0x0000000087a00000, 0x0000000087a00000, 0x0000000087b00000|  0%| F|  |TAMS 0x0000000087a00000| PB 0x0000000087a00000| Untracked 
|  95|0x0000000087b00000, 0x0000000087b00000, 0x0000000087c00000|  0%| F|  |TAMS 0x0000000087b00000| PB 0x0000000087b00000| Untracked 
|  96|0x0000000087c00000, 0x0000000087c00000, 0x0000000087d00000|  0%| F|  |TAMS 0x0000000087c00000| PB 0x0000000087c00000| Untracked 
|  97|0x0000000087d00000, 0x0000000087d00000, 0x0000000087e00000|  0%| F|  |TAMS 0x0000000087d00000| PB 0x0000000087d00000| Untracked 
|  98|0x0000000087e00000, 0x0000000087e00000, 0x0000000087f00000|  0%| F|  |TAMS 0x0000000087e00000| PB 0x0000000087e00000| Untracked 
|  99|0x0000000087f00000, 0x0000000087f00000, 0x0000000088000000|  0%| F|  |TAMS 0x0000000087f00000| PB 0x0000000087f00000| Untracked 
| 100|0x0000000088000000, 0x0000000088000000, 0x0000000088100000|  0%| F|  |TAMS 0x0000000088000000| PB 0x0000000088000000| Untracked 
| 101|0x0000000088100000, 0x0000000088100000, 0x0000000088200000|  0%| F|  |TAMS 0x0000000088100000| PB 0x0000000088100000| Untracked 
| 102|0x0000000088200000, 0x0000000088300000, 0x0000000088300000|100%| S|CS|TAMS 0x0000000088200000| PB 0x0000000088200000| Complete 
| 103|0x0000000088300000, 0x0000000088400000, 0x0000000088400000|100%| S|CS|TAMS 0x0000000088300000| PB 0x0000000088300000| Complete 
| 104|0x0000000088400000, 0x0000000088500000, 0x0000000088500000|100%| S|CS|TAMS 0x0000000088400000| PB 0x0000000088400000| Complete 
| 105|0x0000000088500000, 0x0000000088500000, 0x0000000088600000|  0%| F|  |TAMS 0x0000000088500000| PB 0x0000000088500000| Untracked 
| 106|0x0000000088600000, 0x0000000088600000, 0x0000000088700000|  0%| F|  |TAMS 0x0000000088600000| PB 0x0000000088600000| Untracked 
| 107|0x0000000088700000, 0x0000000088700000, 0x0000000088800000|  0%| F|  |TAMS 0x0000000088700000| PB 0x0000000088700000| Untracked 
| 108|0x0000000088800000, 0x0000000088800000, 0x0000000088900000|  0%| F|  |TAMS 0x0000000088800000| PB 0x0000000088800000| Untracked 
| 109|0x0000000088900000, 0x0000000088900000, 0x0000000088a00000|  0%| F|  |TAMS 0x0000000088900000| PB 0x0000000088900000| Untracked 
| 110|0x0000000088a00000, 0x0000000088a00000, 0x0000000088b00000|  0%| F|  |TAMS 0x0000000088a00000| PB 0x0000000088a00000| Untracked 
| 111|0x0000000088b00000, 0x0000000088b00000, 0x0000000088c00000|  0%| F|  |TAMS 0x0000000088b00000| PB 0x0000000088b00000| Untracked 
| 112|0x0000000088c00000, 0x0000000088c00000, 0x0000000088d00000|  0%| F|  |TAMS 0x0000000088c00000| PB 0x0000000088c00000| Untracked 
| 113|0x0000000088d00000, 0x0000000088d00000, 0x0000000088e00000|  0%| F|  |TAMS 0x0000000088d00000| PB 0x0000000088d00000| Untracked 
| 114|0x0000000088e00000, 0x0000000088e00000, 0x0000000088f00000|  0%| F|  |TAMS 0x0000000088e00000| PB 0x0000000088e00000| Untracked 
| 115|0x0000000088f00000, 0x0000000088f00000, 0x0000000089000000|  0%| F|  |TAMS 0x0000000088f00000| PB 0x0000000088f00000| Untracked 
| 116|0x0000000089000000, 0x0000000089000000, 0x0000000089100000|  0%| F|  |TAMS 0x0000000089000000| PB 0x0000000089000000| Untracked 
| 117|0x0000000089100000, 0x0000000089100000, 0x0000000089200000|  0%| F|  |TAMS 0x0000000089100000| PB 0x0000000089100000| Untracked 
| 118|0x0000000089200000, 0x00000000892bc078, 0x0000000089300000| 73%| E|  |TAMS 0x0000000089200000| PB 0x0000000089200000| Complete 
| 119|0x0000000089300000, 0x0000000089400000, 0x0000000089400000|100%| E|CS|TAMS 0x0000000089300000| PB 0x0000000089300000| Complete 
| 120|0x0000000089400000, 0x0000000089500000, 0x0000000089500000|100%| E|CS|TAMS 0x0000000089400000| PB 0x0000000089400000| Complete 
| 121|0x0000000089500000, 0x0000000089600000, 0x0000000089600000|100%| E|CS|TAMS 0x0000000089500000| PB 0x0000000089500000| Complete 
| 122|0x0000000089600000, 0x0000000089700000, 0x0000000089700000|100%| E|CS|TAMS 0x0000000089600000| PB 0x0000000089600000| Complete 
| 123|0x0000000089700000, 0x0000000089800000, 0x0000000089800000|100%| E|CS|TAMS 0x0000000089700000| PB 0x0000000089700000| Complete 
| 124|0x0000000089800000, 0x0000000089900000, 0x0000000089900000|100%| E|CS|TAMS 0x0000000089800000| PB 0x0000000089800000| Complete 
| 125|0x0000000089900000, 0x0000000089a00000, 0x0000000089a00000|100%| E|CS|TAMS 0x0000000089900000| PB 0x0000000089900000| Complete 
| 126|0x0000000089a00000, 0x0000000089b00000, 0x0000000089b00000|100%| E|CS|TAMS 0x0000000089a00000| PB 0x0000000089a00000| Complete 
| 127|0x0000000089b00000, 0x0000000089c00000, 0x0000000089c00000|100%| E|CS|TAMS 0x0000000089b00000| PB 0x0000000089b00000| Complete 

Card table byte_map: [0x0000015820c50000,0x0000015821050000] _byte_map_base: 0x0000015820842000

Marking Bits: (CMBitMap*) 0x00000158072116d0
 Bits: [0x0000015821050000, 0x0000015822fe0000)

Polling page: 0x0000015807270000

Metaspace:

Usage:
  Non-class:      7.75 MB used.
      Class:      1.08 MB used.
       Both:      8.83 MB used.

Virtual space:
  Non-class space:       64.00 MB reserved,       7.88 MB ( 12%) committed,  1 nodes.
      Class space:        1.00 GB reserved,       1.19 MB ( <1%) committed,  1 nodes.
             Both:        1.06 GB reserved,       9.06 MB ( <1%) committed. 

Chunk freelists:
   Non-Class:  7.95 MB
       Class:  14.72 MB
        Both:  22.67 MB

MaxMetaspaceSize: unlimited
CompressedClassSpaceSize: 1.00 GB
Initial GC threshold: 21.00 MB
Current GC threshold: 21.00 MB
CDS: on
 - commit_granule_bytes: 65536.
 - commit_granule_words: 8192.
 - virtual_space_node_default_size: 8388608.
 - enlarge_chunks_in_place: 1.
 - use_allocation_guard: 0.


Internal statistics:

num_allocs_failed_limit: 0.
num_arena_births: 244.
num_arena_deaths: 0.
num_vsnodes_births: 2.
num_vsnodes_deaths: 0.
num_space_committed: 145.
num_space_uncommitted: 0.
num_chunks_returned_to_freelist: 0.
num_chunks_taken_from_freelist: 541.
num_chunk_merges: 0.
num_chunk_splits: 321.
num_chunks_enlarged: 179.
num_inconsistent_stats: 0.

CodeHeap 'non-profiled nmethods': size=120000Kb used=583Kb max_used=583Kb free=119417Kb
 bounds [0x00000158188b0000, 0x0000015818b20000, 0x000001581fde0000]
CodeHeap 'profiled nmethods': size=120000Kb used=2955Kb max_used=2955Kb free=117044Kb
 bounds [0x0000015810de0000, 0x00000158110d0000, 0x0000015818310000]
CodeHeap 'non-nmethods': size=5760Kb used=1387Kb max_used=1415Kb free=4372Kb
 bounds [0x0000015818310000, 0x0000015818580000, 0x00000158188b0000]
 total_blobs=2170 nmethods=1683 adapters=391
 compilation: enabled
              stopped_count=0, restarted_count=0
 full_count=0

Compilation events (20 events):
Event: 2.558 Thread 0x0000015825aeb6e0 1663       3       ch.qos.logback.core.subst.Tokenizer::handleLiteralState (141 bytes)
Event: 2.559 Thread 0x0000015825aeb6e0 nmethod 1663 0x00000158110b7190 code [0x00000158110b7440, 0x00000158110b7da0]
Event: 2.562 Thread 0x0000015825ae6d70 nmethod 1662 0x0000015818940390 code [0x00000158189405e0, 0x0000015818940dd0]
Event: 2.564 Thread 0x0000015825aeb6e0 1665       3       java.lang.ProcessEnvironment$NameComparator::compare (90 bytes)
Event: 2.566 Thread 0x0000015825aeb6e0 nmethod 1665 0x00000158110b8110 code [0x00000158110b8420, 0x00000158110b9670]
Event: 2.566 Thread 0x0000015825aeb6e0 1664       3       java.lang.ProcessEnvironment$NameComparator::compare (13 bytes)
Event: 2.566 Thread 0x0000015825aeb6e0 nmethod 1664 0x00000158110b9e90 code [0x00000158110ba040, 0x00000158110ba360]
Event: 2.566 Thread 0x0000015825aeb6e0 1666       3       ch.qos.logback.core.subst.Parser::peekAtCurentToken (35 bytes)
Event: 2.566 Thread 0x0000015825aeb6e0 nmethod 1666 0x00000158110ba410 code [0x00000158110ba5e0, 0x00000158110ba9f8]
Event: 2.567 Thread 0x0000015825aeb6e0 1667       3       java.lang.invoke.BoundMethodHandle::rebind (14 bytes)
Event: 2.567 Thread 0x0000015825aeb6e0 nmethod 1667 0x00000158110bab10 code [0x00000158110bad20, 0x00000158110bb288]
Event: 2.567 Thread 0x0000015825aeb6e0 1668       3       java.lang.invoke.BoundMethodHandle::tooComplex (27 bytes)
Event: 2.568 Thread 0x0000015825aeb6e0 nmethod 1668 0x00000158110bb490 code [0x00000158110bb680, 0x00000158110bbae8]
Event: 2.569 Thread 0x0000015825aeb6e0 1669       3       java.lang.invoke.DirectMethodHandle$Holder::invokeStatic (17 bytes)
Event: 2.570 Thread 0x0000015825aeb6e0 nmethod 1669 0x00000158110bbc90 code [0x00000158110bbe60, 0x00000158110bc340]
Event: 2.570 Thread 0x0000015825aeb6e0 1670       3       java.util.Properties::getProperty (50 bytes)
Event: 2.570 Thread 0x0000015825aeb6e0 nmethod 1670 0x00000158110bc490 code [0x00000158110bc660, 0x00000158110bcb48]
Event: 2.570 Thread 0x0000015825aeb6e0 1671       3       ch.qos.logback.classic.util.LoggerNameUtil::getSeparatorIndexOf (53 bytes)
Event: 2.570 Thread 0x0000015825aeb6e0 nmethod 1671 0x00000158110bcc90 code [0x00000158110bce60, 0x00000158110bd178]
Event: 2.576 Thread 0x0000015825ae6d70 1672       4       java.util.jar.JarFile::getVersionedEntry (133 bytes)

GC Heap History (2 events):
Event: 2.150 GC heap before
{Heap before GC invocations=0 (full 0):
 garbage-first heap   total 131072K, used 22528K [0x0000000081c00000, 0x0000000100000000)
  region size 1024K, 23 young (23552K), 0 survivors (0K)
 Metaspace       used 6851K, committed 7104K, reserved 1114112K
  class space    used 768K, committed 896K, reserved 1048576K
}
Event: 2.163 GC heap after
{Heap after GC invocations=1 (full 0):
 garbage-first heap   total 131072K, used 5279K [0x0000000081c00000, 0x0000000100000000)
  region size 1024K, 3 young (3072K), 3 survivors (3072K)
 Metaspace       used 6851K, committed 7104K, reserved 1114112K
  class space    used 768K, committed 896K, reserved 1048576K
}

Dll operation events (12 events):
Event: 0.019 Loaded shared library C:\Program Files\Java\jdk-21\bin\java.dll
Event: 0.176 Loaded shared library C:\Program Files\Java\jdk-21\bin\jsvml.dll
Event: 0.309 Loaded shared library C:\Program Files\Java\jdk-21\bin\zip.dll
Event: 0.320 Loaded shared library C:\Program Files\Java\jdk-21\bin\instrument.dll
Event: 0.327 Loaded shared library C:\Program Files\Java\jdk-21\bin\net.dll
Event: 0.329 Loaded shared library C:\Program Files\Java\jdk-21\bin\nio.dll
Event: 0.333 Loaded shared library C:\Program Files\Java\jdk-21\bin\zip.dll
Event: 0.545 Loaded shared library C:\Program Files\JetBrains\IntelliJ IDEA Community Edition 2024.1.4\bin\breakgen64.dll
Event: 0.560 Loaded shared library C:\Program Files\Java\jdk-21\bin\extnet.dll
Event: 0.615 Loaded shared library C:\Program Files\Java\jdk-21\bin\jimage.dll
Event: 1.667 Loaded shared library C:\Program Files\Java\jdk-21\bin\management.dll
Event: 1.674 Loaded shared library C:\Program Files\Java\jdk-21\bin\management_ext.dll

Deoptimization events (20 events):
Event: 2.467 Thread 0x000001586b0ce200 Uncommon trap: trap_request=0xffffffc6 fr.pc=0x0000015818933a90 relative=0x0000000000000390
Event: 2.467 Thread 0x000001586b0ce200 Uncommon trap: reason=bimorphic_or_optimized_type_check action=maybe_recompile pc=0x0000015818933a90 method=java.util.HashMap.getNode(Ljava/lang/Object;)Ljava/util/HashMap$Node; @ 63 c2
Event: 2.467 Thread 0x000001586b0ce200 DEOPT PACKING pc=0x0000015818933a90 sp=0x0000000dc69fe400
Event: 2.467 Thread 0x000001586b0ce200 DEOPT UNPACKING pc=0x00000158183646a2 sp=0x0000000dc69fe378 mode 2
Event: 2.467 Thread 0x000001586b0ce200 Uncommon trap: trap_request=0xffffffc6 fr.pc=0x0000015818933a90 relative=0x0000000000000390
Event: 2.467 Thread 0x000001586b0ce200 Uncommon trap: reason=bimorphic_or_optimized_type_check action=maybe_recompile pc=0x0000015818933a90 method=java.util.HashMap.getNode(Ljava/lang/Object;)Ljava/util/HashMap$Node; @ 63 c2
Event: 2.467 Thread 0x000001586b0ce200 DEOPT PACKING pc=0x0000015818933a90 sp=0x0000000dc69fe400
Event: 2.467 Thread 0x000001586b0ce200 DEOPT UNPACKING pc=0x00000158183646a2 sp=0x0000000dc69fe378 mode 2
Event: 2.473 Thread 0x000001586b0ce200 Uncommon trap: trap_request=0xffffffc6 fr.pc=0x0000015818933a90 relative=0x0000000000000390
Event: 2.474 Thread 0x000001586b0ce200 Uncommon trap: reason=bimorphic_or_optimized_type_check action=maybe_recompile pc=0x0000015818933a90 method=java.util.HashMap.getNode(Ljava/lang/Object;)Ljava/util/HashMap$Node; @ 63 c2
Event: 2.474 Thread 0x000001586b0ce200 DEOPT PACKING pc=0x0000015818933a90 sp=0x0000000dc69fe400
Event: 2.474 Thread 0x000001586b0ce200 DEOPT UNPACKING pc=0x00000158183646a2 sp=0x0000000dc69fe378 mode 2
Event: 2.533 Thread 0x000001586b0ce200 Uncommon trap: trap_request=0xffffff54 fr.pc=0x0000015818924284 relative=0x0000000000001624
Event: 2.533 Thread 0x000001586b0ce200 Uncommon trap: reason=speculate_null_assert action=make_not_entrant pc=0x0000015818924284 method=java.util.jar.JarFile.getVersionedEntry(Ljava/lang/String;Ljava/util/jar/JarEntry;)Ljava/util/jar/JarEntry; @ 115 c2
Event: 2.533 Thread 0x000001586b0ce200 DEOPT PACKING pc=0x0000015818924284 sp=0x0000000dc69fd220
Event: 2.533 Thread 0x000001586b0ce200 DEOPT UNPACKING pc=0x00000158183646a2 sp=0x0000000dc69fd228 mode 2
Event: 2.533 Thread 0x000001586b0ce200 Uncommon trap: trap_request=0xffffff45 fr.pc=0x00000158188fda44 relative=0x0000000000000c84
Event: 2.533 Thread 0x000001586b0ce200 Uncommon trap: reason=unstable_if action=reinterpret pc=0x00000158188fda44 method=java.util.jar.JarFile.getEntry(Ljava/lang/String;)Ljava/util/zip/ZipEntry; @ 15 c2
Event: 2.533 Thread 0x000001586b0ce200 DEOPT PACKING pc=0x00000158188fda44 sp=0x0000000dc69fd2f0
Event: 2.533 Thread 0x000001586b0ce200 DEOPT UNPACKING pc=0x00000158183646a2 sp=0x0000000dc69fd2e8 mode 2

Classes loaded (20 events):
Event: 2.533 Loading class java/util/concurrent/ScheduledExecutorService
Event: 2.533 Loading class java/util/concurrent/ScheduledExecutorService done
Event: 2.534 Loading class java/lang/ThreadBuilders$VirtualThreadBuilder
Event: 2.534 Loading class java/lang/Thread$Builder$OfVirtual
Event: 2.534 Loading class java/lang/Thread$Builder
Event: 2.534 Loading class java/lang/Thread$Builder done
Event: 2.534 Loading class java/lang/Thread$Builder$OfVirtual done
Event: 2.534 Loading class java/lang/ThreadBuilders$BaseThreadBuilder
Event: 2.534 Loading class java/lang/ThreadBuilders$BaseThreadBuilder done
Event: 2.534 Loading class java/lang/ThreadBuilders$VirtualThreadBuilder done
Event: 2.534 Loading class java/lang/ThreadBuilders
Event: 2.534 Loading class java/lang/ThreadBuilders done
Event: 2.535 Loading class java/lang/ThreadBuilders$VirtualThreadFactory
Event: 2.535 Loading class java/lang/ThreadBuilders$BaseThreadFactory
Event: 2.535 Loading class java/lang/ThreadBuilders$BaseThreadFactory done
Event: 2.535 Loading class java/lang/ThreadBuilders$VirtualThreadFactory done
Event: 2.562 Loading class java/util/Stack
Event: 2.563 Loading class java/util/Stack done
Event: 2.563 Loading class java/util/Vector$Itr
Event: 2.564 Loading class java/util/Vector$Itr done

Classes unloaded (0 events):
No events

Classes redefined (0 events):
No events

Internal exceptions (20 events):
Event: 2.267 Thread 0x000001586b0ce200 Exception <a 'java/lang/NoSuchMethodError'{0x000000008983b5a0}: 'java.lang.Object java.lang.invoke.DirectMethodHandle$Holder.newInvokeSpecial(java.lang.Object, java.lang.Object, java.lang.Object, java.lang.Object, java.lang.Object, java.lang.Object, java.lang.Object)'> (0x000000008983b5a0) 
thrown [s\open\src\hotspot\share\interpreter\linkResolver.cpp, line 773]
Event: 2.270 Thread 0x000001586b0ce200 Exception <a 'java/lang/NoSuchMethodError'{0x0000000089853b88}: 'void java.lang.invoke.DirectMethodHandle$Holder.invokeStaticInit(java.lang.Object, java.lang.Object)'> (0x0000000089853b88) 
thrown [s\open\src\hotspot\share\interpreter\linkResolver.cpp, line 773]
Event: 2.278 Thread 0x000001586b0ce200 Exception <a 'java/lang/NoSuchMethodError'{0x000000008989d338}: 'int java.lang.invoke.DirectMethodHandle$Holder.invokeStatic(java.lang.Object, java.lang.Object, java.lang.Object, java.lang.Object)'> (0x000000008989d338) 
thrown [s\open\src\hotspot\share\interpreter\linkResolver.cpp, line 773]
Event: 2.303 Thread 0x000001586b0ce200 Exception <a 'java/lang/NoSuchMethodError'{0x00000000898f9dd8}: 'java.lang.Object java.lang.invoke.DirectMethodHandle$Holder.invokeSpecial(java.lang.Object, java.lang.Object, java.lang.Object, java.lang.Object, java.lang.Object, java.lang.Object, int)'> (0x00000000898f9dd8) 
thrown [s\open\src\hotspot\share\interpreter\linkResolver.cpp, line 773]
Event: 2.304 Thread 0x000001586b0ce200 Exception <a 'java/lang/NoSuchMethodError'{0x0000000089703a20}: 'java.lang.Object java.lang.invoke.DirectMethodHandle$Holder.newInvokeSpecial(java.lang.Object, java.lang.Object, java.lang.Object, java.lang.Object, java.lang.Object, java.lang.Object, int)'> (0x0000000089703a20) 
thrown [s\open\src\hotspot\share\interpreter\linkResolver.cpp, line 773]
Event: 2.305 Thread 0x000001586b0ce200 Exception <a 'java/lang/NoSuchMethodError'{0x0000000089707fd0}: 'java.lang.Object java.lang.invoke.DirectMethodHandle$Holder.invokeSpecial(java.lang.Object, java.lang.Object, java.lang.Object, java.lang.Object, java.lang.Object, java.lang.Object, java.lang.Object, int)'> (0x0000000089707fd0) 
thrown [s\open\src\hotspot\share\interpreter\linkResolver.cpp, line 773]
Event: 2.347 Thread 0x000001586b0ce200 Exception <a 'java/lang/NoSuchMethodError'{0x000000008962afd0}: 'int java.lang.invoke.DirectMethodHandle$Holder.invokeInterface(java.lang.Object, java.lang.Object)'> (0x000000008962afd0) 
thrown [s\open\src\hotspot\share\interpreter\linkResolver.cpp, line 773]
Event: 2.352 Thread 0x000001586b0ce200 Exception <a 'java/lang/NoSuchMethodError'{0x000000008964c808}: 'void java.lang.invoke.DirectMethodHandle$Holder.invokeSpecial(java.lang.Object, java.lang.Object, java.lang.Object, java.lang.Object, java.lang.Object)'> (0x000000008964c808) 
thrown [s\open\src\hotspot\share\interpreter\linkResolver.cpp, line 773]
Event: 2.406 Thread 0x000001586b0ce200 Exception <a 'java/lang/NoSuchMethodError'{0x0000000089521bb8}: 'java.lang.Object java.lang.invoke.DirectMethodHandle$Holder.invokeSpecial(java.lang.Object, java.lang.Object, java.lang.Object, int, java.lang.Object)'> (0x0000000089521bb8) 
thrown [s\open\src\hotspot\share\interpreter\linkResolver.cpp, line 773]
Event: 2.407 Thread 0x000001586b0ce200 Exception <a 'java/lang/NoSuchMethodError'{0x00000000895294a8}: 'java.lang.Object java.lang.invoke.DirectMethodHandle$Holder.newInvokeSpecial(java.lang.Object, java.lang.Object, java.lang.Object, int, java.lang.Object)'> (0x00000000895294a8) 
thrown [s\open\src\hotspot\share\interpreter\linkResolver.cpp, line 773]
Event: 2.408 Thread 0x000001586b0ce200 Exception <a 'java/lang/NoSuchMethodError'{0x0000000089530960}: 'java.lang.Object java.lang.invoke.Invokers$Holder.linkToTargetMethod(java.lang.Object, java.lang.Object, int, java.lang.Object, java.lang.Object)'> (0x0000000089530960) 
thrown [s\open\src\hotspot\share\interpreter\linkResolver.cpp, line 773]
Event: 2.410 Thread 0x000001586b0ce200 Exception <a 'java/lang/NoSuchMethodError'{0x000000008953e860}: 'java.lang.Object java.lang.invoke.DirectMethodHandle$Holder.newInvokeSpecial(java.lang.Object, int, java.lang.Object)'> (0x000000008953e860) 
thrown [s\open\src\hotspot\share\interpreter\linkResolver.cpp, line 773]
Event: 2.411 Thread 0x000001586b0ce200 Exception <a 'java/lang/NoSuchMethodError'{0x00000000895434b0}: 'int java.lang.invoke.DirectMethodHandle$Holder.invokeSpecialIFC(java.lang.Object, java.lang.Object, java.lang.Object, java.lang.Object)'> (0x00000000895434b0) 
thrown [s\open\src\hotspot\share\interpreter\linkResolver.cpp, line 773]
Event: 2.453 Thread 0x000001586b0ce200 Exception <a 'java/lang/NoSuchMethodError'{0x0000000089418728}: 'void java.lang.invoke.DirectMethodHandle$Holder.invokeInterface(java.lang.Object, java.lang.Object, java.lang.Object)'> (0x0000000089418728) 
thrown [s\open\src\hotspot\share\interpreter\linkResolver.cpp, line 773]
Event: 2.495 Thread 0x000001586b0ce200 Exception <a 'java/lang/NoSuchMethodError'{0x00000000894b4518}: 'void java.lang.invoke.DirectMethodHandle$Holder.invokeStaticInit(java.lang.Object, java.lang.Object, java.lang.Object)'> (0x00000000894b4518) 
thrown [s\open\src\hotspot\share\interpreter\linkResolver.cpp, line 773]
Event: 2.501 Thread 0x000001586b0ce200 Exception <a 'java/lang/NoSuchMethodError'{0x00000000894cea80}: 'java.lang.Object java.lang.invoke.DirectMethodHandle$Holder.invokeVirtual(java.lang.Object, java.lang.Object, java.lang.Object)'> (0x00000000894cea80) 
thrown [s\open\src\hotspot\share\interpreter\linkResolver.cpp, line 773]
Event: 2.508 Thread 0x000001586b0ce200 Exception <a 'java/lang/NoSuchMethodError'{0x00000000894ee540}: 'java.lang.Object java.lang.invoke.DirectMethodHandle$Holder.invokeStatic(java.lang.Object, long, java.lang.Object)'> (0x00000000894ee540) 
thrown [s\open\src\hotspot\share\interpreter\linkResolver.cpp, line 773]
Event: 2.508 Thread 0x000001586b0ce200 Exception <a 'java/lang/NoSuchMethodError'{0x00000000894f1b98}: 'java.lang.Object java.lang.invoke.DirectMethodHandle$Holder.invokeStaticInit(java.lang.Object, long, java.lang.Object)'> (0x00000000894f1b98) 
thrown [s\open\src\hotspot\share\interpreter\linkResolver.cpp, line 773]
Event: 2.509 Thread 0x000001586b0ce200 Exception <a 'java/lang/NoSuchMethodError'{0x00000000894f7300}: 'java.lang.Object java.lang.invoke.DirectMethodHandle$Holder.newInvokeSpecial(java.lang.Object, long)'> (0x00000000894f7300) 
thrown [s\open\src\hotspot\share\interpreter\linkResolver.cpp, line 773]
Event: 2.537 Thread 0x000001586b0ce200 Exception <a 'java/lang/NoSuchMethodError'{0x000000008934cfd0}: 'void java.lang.invoke.DirectMethodHandle$Holder.invokeVirtual(java.lang.Object, java.lang.Object, java.lang.Object, java.lang.Object)'> (0x000000008934cfd0) 
thrown [s\open\src\hotspot\share\interpreter\linkResolver.cpp, line 773]

ZGC Phase Switch (0 events):
No events

VM Operations (18 events):
Event: 0.271 Executing VM operation: HandshakeAllThreads (Deoptimize)
Event: 0.271 Executing VM operation: HandshakeAllThreads (Deoptimize) done
Event: 0.620 Executing VM operation: HandshakeAllThreads (Deoptimize)
Event: 0.620 Executing VM operation: HandshakeAllThreads (Deoptimize) done
Event: 1.531 Executing VM operation: HandshakeAllThreads (Deoptimize)
Event: 1.531 Executing VM operation: HandshakeAllThreads (Deoptimize) done
Event: 1.531 Executing VM operation: Cleanup
Event: 1.531 Executing VM operation: Cleanup done
Event: 1.533 Executing VM operation: HandshakeAllThreads (Deoptimize)
Event: 1.533 Executing VM operation: HandshakeAllThreads (Deoptimize) done
Event: 1.960 Executing VM operation: HandshakeAllThreads (Deoptimize)
Event: 1.960 Executing VM operation: HandshakeAllThreads (Deoptimize) done
Event: 2.150 Executing VM operation: G1CollectForAllocation (G1 Evacuation Pause)
Event: 2.163 Executing VM operation: G1CollectForAllocation (G1 Evacuation Pause) done
Event: 2.361 Executing VM operation: HandshakeAllThreads (Deoptimize)
Event: 2.361 Executing VM operation: HandshakeAllThreads (Deoptimize) done
Event: 2.442 Executing VM operation: HandshakeAllThreads (Deoptimize)
Event: 2.442 Executing VM operation: HandshakeAllThreads (Deoptimize) done

Events (19 events):
Event: 0.137 Thread 0x000001580708e9c0 Thread added: 0x000001580708e9c0
Event: 0.172 Thread 0x0000015825acaae0 Thread added: 0x0000015825acaae0
Event: 0.173 Thread 0x0000015825acf810 Thread added: 0x0000015825acf810
Event: 0.173 Thread 0x0000015825ad0a10 Thread added: 0x0000015825ad0a10
Event: 0.173 Thread 0x0000015825ad1900 Thread added: 0x0000015825ad1900
Event: 0.173 Thread 0x0000015825ad2510 Thread added: 0x0000015825ad2510
Event: 0.174 Thread 0x0000015825adb260 Thread added: 0x0000015825adb260
Event: 0.174 Thread 0x0000015825ae6d70 Thread added: 0x0000015825ae6d70
Event: 0.174 Thread 0x0000015825aeb6e0 Thread added: 0x0000015825aeb6e0
Event: 0.262 Thread 0x000001586b0cfc40 Thread added: 0x000001586b0cfc40
Event: 0.546 Thread 0x000001586b0d02d0 Thread added: 0x000001586b0d02d0
Event: 0.546 Thread 0x000001586b0d0ff0 Thread added: 0x000001586b0d0ff0
Event: 0.704 Thread 0x000001586b5a95f0 Thread added: 0x000001586b5a95f0
Event: 1.312 Thread 0x000001586b5a95f0 Thread exited: 0x000001586b5a95f0
Event: 1.586 Thread 0x000001586b6d3c10 Thread added: 0x000001586b6d3c10
Event: 1.780 Thread 0x000001586b0cf5b0 Thread added: 0x000001586b0cf5b0
Event: 1.786 Thread 0x000001586b0ce200 Thread added: 0x000001586b0ce200
Event: 1.959 Thread 0x000001586b6d3c10 Thread exited: 0x000001586b6d3c10
Event: 2.418 Thread 0x000001586be40700 Thread added: 0x000001586be40700


Dynamic libraries:
0x00007ff64f6c0000 - 0x00007ff64f6d0000 	C:\Program Files\Java\jdk-21\bin\java.exe
0x00007ffe4ef50000 - 0x00007ffe4f165000 	C:\WINDOWS\SYSTEM32\ntdll.dll
0x00007ffe4e440000 - 0x00007ffe4e505000 	C:\WINDOWS\System32\KERNEL32.DLL
0x00007ffe4c860000 - 0x00007ffe4cbfd000 	C:\WINDOWS\System32\KERNELBASE.dll
0x00007ffe497a0000 - 0x00007ffe49837000 	C:\WINDOWS\SYSTEM32\apphelp.dll
0x00007ffe4c410000 - 0x00007ffe4c525000 	C:\WINDOWS\System32\ucrtbase.dll
0x00007ffe41300000 - 0x00007ffe41319000 	C:\Program Files\Java\jdk-21\bin\jli.dll
0x00007ffe4e970000 - 0x00007ffe4ea1e000 	C:\WINDOWS\System32\ADVAPI32.dll
0x00007ffe4e2b0000 - 0x00007ffe4e357000 	C:\WINDOWS\System32\msvcrt.dll
0x00007ffe4ddf0000 - 0x00007ffe4de96000 	C:\WINDOWS\System32\sechost.dll
0x00007ffe4e520000 - 0x00007ffe4e649000 	C:\WINDOWS\System32\RPCRT4.dll
0x00007ffe4df10000 - 0x00007ffe4e0c0000 	C:\WINDOWS\System32\USER32.dll
0x00007ffe4cc00000 - 0x00007ffe4cc26000 	C:\WINDOWS\System32\win32u.dll
0x00007ffe4e1f0000 - 0x00007ffe4e218000 	C:\WINDOWS\System32\GDI32.dll
0x00007ffe4c2f0000 - 0x00007ffe4c409000 	C:\WINDOWS\System32\gdi32full.dll
0x00007ffe4c7c0000 - 0x00007ffe4c859000 	C:\WINDOWS\System32\msvcp_win.dll
0x00007ffe412e0000 - 0x00007ffe412fb000 	C:\Program Files\Java\jdk-21\bin\VCRUNTIME140.dll
0x00007ffe303a0000 - 0x00007ffe30632000 	C:\WINDOWS\WinSxS\amd64_microsoft.windows.common-controls_6595b64144ccf1df_6.0.25267.1000_none_7aa5b59bf34adbaf\COMCTL32.dll
0x00007ffe413f0000 - 0x00007ffe413fa000 	C:\WINDOWS\SYSTEM32\VERSION.dll
0x00007ffe4dec0000 - 0x00007ffe4def0000 	C:\WINDOWS\System32\IMM32.DLL
0x00007ffe3eae0000 - 0x00007ffe3eaec000 	C:\Program Files\Java\jdk-21\bin\vcruntime140_1.dll
0x00007ffe030b0000 - 0x00007ffe0313e000 	C:\Program Files\Java\jdk-21\bin\msvcp140.dll
0x00007ffd93940000 - 0x00007ffd94657000 	C:\Program Files\Java\jdk-21\bin\server\jvm.dll
0x00007ffe4e6c0000 - 0x00007ffe4e72f000 	C:\WINDOWS\System32\WS2_32.dll
0x00007ffe43bb0000 - 0x00007ffe43be5000 	C:\WINDOWS\SYSTEM32\WINMM.dll
0x00007ffe4b170000 - 0x00007ffe4b1bd000 	C:\WINDOWS\SYSTEM32\POWRPROF.dll
0x00007ffe4b150000 - 0x00007ffe4b163000 	C:\WINDOWS\SYSTEM32\UMPDC.dll
0x00007ffe4b3b0000 - 0x00007ffe4b3c8000 	C:\WINDOWS\SYSTEM32\kernel.appcore.dll
0x00007ffe3ead0000 - 0x00007ffe3eada000 	C:\Program Files\Java\jdk-21\bin\jimage.dll
0x00007ffe38b80000 - 0x00007ffe38db2000 	C:\WINDOWS\SYSTEM32\DBGHELP.DLL
0x00007ffe4cdc0000 - 0x00007ffe4d144000 	C:\WINDOWS\System32\combase.dll
0x00007ffe4e360000 - 0x00007ffe4e438000 	C:\WINDOWS\System32\OLEAUT32.dll
0x00007ffe28810000 - 0x00007ffe28842000 	C:\WINDOWS\SYSTEM32\dbgcore.DLL
0x00007ffe4c530000 - 0x00007ffe4c5b4000 	C:\WINDOWS\System32\bcryptPrimitives.dll
0x00007ffe3ea80000 - 0x00007ffe3ea8f000 	C:\Program Files\Java\jdk-21\bin\instrument.dll
0x00007ffe3eaa0000 - 0x00007ffe3eabf000 	C:\Program Files\Java\jdk-21\bin\java.dll
0x00007ffe4d160000 - 0x00007ffe4d95a000 	C:\WINDOWS\System32\SHELL32.dll
0x00007ffe4a2a0000 - 0x00007ffe4ab26000 	C:\WINDOWS\SYSTEM32\windows.storage.dll
0x00007ffe4ebe0000 - 0x00007ffe4ecc7000 	C:\WINDOWS\System32\SHCORE.dll
0x00007ffe4e0d0000 - 0x00007ffe4e12e000 	C:\WINDOWS\System32\shlwapi.dll
0x00007ffe4c210000 - 0x00007ffe4c231000 	C:\WINDOWS\SYSTEM32\profapi.dll
0x00007ffdc0ae0000 - 0x00007ffdc0bb7000 	C:\Program Files\Java\jdk-21\bin\jsvml.dll
0x00007ffe05070000 - 0x00007ffe05088000 	C:\Program Files\Java\jdk-21\bin\zip.dll
0x00007ffe3ea60000 - 0x00007ffe3ea70000 	C:\Program Files\Java\jdk-21\bin\net.dll
0x00007ffe45550000 - 0x00007ffe4567d000 	C:\WINDOWS\SYSTEM32\WINHTTP.dll
0x00007ffe4b820000 - 0x00007ffe4b889000 	C:\WINDOWS\system32\mswsock.dll
0x00007ffe2c4f0000 - 0x00007ffe2c506000 	C:\Program Files\Java\jdk-21\bin\nio.dll
0x00007ffe04fe0000 - 0x00007ffe04ffa000 	C:\Program Files\JetBrains\IntelliJ IDEA Community Edition 2024.1.4\bin\breakgen64.dll
0x00007ffe2d4e0000 - 0x00007ffe2d4e9000 	C:\Program Files\Java\jdk-21\bin\extnet.dll
0x00007ffe2c3c0000 - 0x00007ffe2c3ca000 	C:\Program Files\Java\jdk-21\bin\management.dll
0x00007ffe2c2f0000 - 0x00007ffe2c2fb000 	C:\Program Files\Java\jdk-21\bin\management_ext.dll
0x00007ffe4dde0000 - 0x00007ffe4dde8000 	C:\WINDOWS\System32\PSAPI.DLL

dbghelp: loaded successfully - version: 4.0.5 - missing functions: none
symbol engine: initialized successfully - sym options: 0x614 - pdb path: .;C:\Program Files\Java\jdk-21\bin;C:\WINDOWS\SYSTEM32;C:\WINDOWS\WinSxS\amd64_microsoft.windows.common-controls_6595b64144ccf1df_6.0.25267.1000_none_7aa5b59bf34adbaf;C:\Program Files\Java\jdk-21\bin\server;C:\Program Files\JetBrains\IntelliJ IDEA Community Edition 2024.1.4\bin

VM Arguments:
jvm_args: -javaagent:C:\Program Files\JetBrains\IntelliJ IDEA Community Edition 2024.1.4\lib\idea_rt.jar=56437:C:\Program Files\JetBrains\IntelliJ IDEA Community Edition 2024.1.4\bin -Dfile.encoding=UTF-8 -Dsun.stdout.encoding=UTF-8 -Dsun.stderr.encoding=UTF-8 
java_command: com.example.movies.MoviesApplication
java_class_path (initial): C:\Users\HP\Downloads\movies\movies\target\classes;C:\Users\HP\.m2\repository\org\springframework\boot\spring-boot-starter-data-mongodb\3.3.1\spring-boot-starter-data-mongodb-3.3.1.jar;C:\Users\HP\.m2\repository\org\springframework\boot\spring-boot-starter\3.3.1\spring-boot-starter-3.3.1.jar;C:\Users\HP\.m2\repository\org\springframework\boot\spring-boot-starter-logging\3.3.1\spring-boot-starter-logging-3.3.1.jar;C:\Users\HP\.m2\repository\ch\qos\logback\logback-classic\1.5.6\logback-classic-1.5.6.jar;C:\Users\HP\.m2\repository\ch\qos\logback\logback-core\1.5.6\logback-core-1.5.6.jar;C:\Users\HP\.m2\repository\org\apache\logging\log4j\log4j-to-slf4j\2.23.1\log4j-to-slf4j-2.23.1.jar;C:\Users\HP\.m2\repository\org\apache\logging\log4j\log4j-api\2.23.1\log4j-api-2.23.1.jar;C:\Users\HP\.m2\repository\org\slf4j\jul-to-slf4j\2.0.13\jul-to-slf4j-2.0.13.jar;C:\Users\HP\.m2\repository\jakarta\annotation\jakarta.annotation-api\2.1.1\jakarta.annotation-api-2.1.1.jar;C:\Users\HP\.m2\repository\org\yaml\snakeyaml\2.2\snakeyaml-2.2.jar;C:\Users\HP\.m2\repository\org\mongodb\mongodb-driver-sync\5.0.1\mongodb-driver-sync-5.0.1.jar;C:\Users\HP\.m2\repository\org\mongodb\bson\5.0.1\bson-5.0.1.jar;C:\Users\HP\.m2\repository\org\mongodb\mongodb-driver-core\5.0.1\mongodb-driver-core-5.0.1.jar;C:\Users\HP\.m2\repository\org\mongodb\bson-record-codec\5.0.1\bson-record-codec-5.0.1.jar;C:\Users\HP\.m2\repository\org\springframework\data\spring-data-mongodb\4.3.1\spring-data-mongodb-4.3.1.jar;C:\Users\HP\.m2\repository\org\springframework\spring-tx\6.1.10\spring-tx-6.1.10.jar;C:\Users\HP\.m2\repository\org\springframework\spring-context\6.1.10\spring-context-6.1.10.jar;C:\Users\HP\.m2\repository\org\springframework\spring-beans\6.1.10\spring-beans-6.1.10.jar;C:\Users\HP\.m2\repository\org\springframework\spring-expression\6.1.10\spring-expression-6.1.10.jar;C:\Users\HP\.m2\repository\org\springframework\data\spring-data-commons\3.3.1\spring-data-commons-3.3.1.jar;C:\Users\HP\.m2\repository\org\slf4j\slf4j-api\2.0.13\slf4j-api-2.0.13.jar;C:\Users\HP\.m2\repository\org\springframework\boot\spring-boot-starter-web\3.3.1\spring-boot-starter-web-3.3.1.jar;C:\Users\HP\.m2\repository\org\springframework\boot\spring-boot-starter-json\3.3.1\spring-boot-starter-json-3.3.1.jar;C:\Users\HP\.m2\repository\com\fasterxml\jackson\core\jackson-databind\2.17.1\jackson-databind-2.17.1.jar;C:\Users\HP\.m2\repository\com\fasterxml\jackson\core\jackson-annotations\2.17.1\jackson-annotations-2.17.1.jar;C:\Users\HP\.m2\repository\com\fasterxml\jackson\core\jackson-core\2.17.1\jackson-core-2.17.1.jar;C:\Users\HP\.m2\repository\com\fasterxml\jackson\datatype\jackson-datatype-jdk8\2.17.1\jackson-datatype-jdk8-2.17.1.jar;C:\Users\HP\.m2\repository\com\fasterxml\jackson\datatype\jackson-datatype-jsr310\2.17.1\jackson-datatype-jsr310-2.17.1.jar;C:\Users\HP\.m2\repository\com\fasterxml\jackson\module\jackson-module-parameter-names\2.17.1\jackson-module-parameter-names-2.17.1.jar;C:\Users\HP\.m2\repository\org\springframework\boot\spring-boot-starter-tomcat\3.3.1\spring-boot-starter-tomcat-3.3.1.jar;C:\Users\HP\.m2\repository\org\apache\tomcat\embed\tomcat-embed-core\10.1.25\tomcat-embed-core-10.1.25.jar;C:\Users\HP\.m2\repository\org\apache\tomcat\embed\tomcat-embed-el\10.1.25\tomcat-embed-el-10.1.25.jar;C:\Users\HP\.m2\repository\org\apache\tomcat\embed\tomcat-embed-websocket\10.1.25\tomcat-embed-websocket-10.1.25.jar;C:\Users\HP\.m2\repository\org\springframework\spring-web\6.1.10\spring-web-6.1.10.jar;C:\Users\HP\.m2\repository\io\micrometer\micrometer-observation\1.13.1\micrometer-observation-1.13.1.jar;C:\Users\HP\.m2\repository\io\micrometer\micrometer-commons\1.13.1\micrometer-commons-1.13.1.jar;C:\Users\HP\.m2\repository\org\springframework\spring-webmvc\6.1.10\spring-webmvc-6.1.10.jar;C:\Users\HP\.m2\repository\org\springframework\spring-aop\6.1.10\spring-aop-6.1.10.jar;C:\Users\HP\.m2\repository\org\springframework\boot\spring-boot-devtools\3.3.1\spring-boot-devtools-3.3.1.jar;C:\Users\HP\.m2\repository\org\springframework\boot\spring-boot\3.3.1\spring-boot-3.3.1.jar;C:\Users\HP\.m2\repository\org\springframework\boot\spring-boot-autoconfigure\3.3.1\spring-boot-autoconfigure-3.3.1.jar;C:\Users\HP\.m2\repository\org\projectlombok\lombok\1.18.32\lombok-1.18.32.jar;C:\Users\HP\.m2\repository\org\springframework\spring-core\6.1.10\spring-core-6.1.10.jar;C:\Users\HP\.m2\repository\org\springframework\spring-jcl\6.1.10\spring-jcl-6.1.10.jar;C:\Users\HP\.m2\repository\me\paulschwarz\spring-dotenv\2.5.4\spring-dotenv-2.5.4.jar;C:\Users\HP\.m2\repository\io\github\cdimascio\dotenv-java\2.2.3\dotenv-java-2.2.3.jar
Launcher Type: SUN_STANDARD

[Global flags]
     intx CICompilerCount                          = 4                                         {product} {ergonomic}
     uint ConcGCThreads                            = 2                                         {product} {ergonomic}
     uint G1ConcRefinementThreads                  = 8                                         {product} {ergonomic}
   size_t G1HeapRegionSize                         = 1048576                                   {product} {ergonomic}
    uintx GCDrainStackTargetSize                   = 64                                        {product} {ergonomic}
   size_t InitialHeapSize                          = 134217728                                 {product} {ergonomic}
   size_t MarkStackSize                            = 4194304                                   {product} {ergonomic}
   size_t MaxHeapSize                              = 2118123520                                {product} {ergonomic}
   size_t MaxNewSize                               = 1270874112                                {product} {ergonomic}
   size_t MinHeapDeltaBytes                        = 1048576                                   {product} {ergonomic}
   size_t MinHeapSize                              = 8388608                                   {product} {ergonomic}
    uintx NonNMethodCodeHeapSize                   = 5839372                                {pd product} {ergonomic}
    uintx NonProfiledCodeHeapSize                  = 122909434                              {pd product} {ergonomic}
    uintx ProfiledCodeHeapSize                     = 122909434                              {pd product} {ergonomic}
    uintx ReservedCodeCacheSize                    = 251658240                              {pd product} {ergonomic}
     bool SegmentedCodeCache                       = true                                      {product} {ergonomic}
   size_t SoftMaxHeapSize                          = 2118123520                             {manageable} {ergonomic}
     bool UseCompressedOops                        = true                           {product lp64_product} {ergonomic}
     bool UseG1GC                                  = true                                      {product} {ergonomic}
     bool UseLargePagesIndividualAllocation        = false                                  {pd product} {ergonomic}

Logging:
Log output configuration:
 #0: stdout all=warning uptime,level,tags foldmultilines=false
 #1: stderr all=off uptime,level,tags foldmultilines=false

Environment Variables:
JAVA_HOME=C:\Program Files\Java\jdk1.8.0_333
PATH=C:\Python312\Scripts\;C:\Python312\;C:\Program Files\Common Files\Oracle\Java\javapath;C:\Program Files (x86)\Common Files\Oracle\Java\javapath;C:\python\Python39\Scripts\;C:\python\Python39\;C:\WINDOWS\system32;C:\WINDOWS;C:\WINDOWS\System32\Wbem;C:\WINDOWS\System32\WindowsPowerShell\v1.0\;C:\WINDOWS\System32\OpenSSH\;C:\Program Files\Java\jdk-14.0.1\bin;C:\python\Python39;C:\MinGW\bin;C:\Program Files\PostgreSQL\13\bin;C:\Program Files\MySQL\MySQL Server 8.0\bin;C:\Program Files\Microsoft SQL Server\150\Tools\Binn\;C:\Program Files\Microsoft SQL Server\Client SDK\ODBC\170\Tools\Binn\;C:\Program Files\dotnet\;C:\ProgramData\chocolatey\bin;C:\Program Files\nodejs\;C:\Program Files\MySQL\MySQL Shell 8.0\bin\;C:\Users\HP\AppData\Local\Microsoft\WindowsApps;C:\Users\HP\AppData\Local\Programs\Microsoft VS Code\bin;C:\Program Files\Java\jdk1.8.0_333\bin;C:\Users\HP\Downloads\apache-maven-3.8.6-bin\apache-maven-3.8.6\bin;C:\Users\HP\.dotnet\tools;C:\Program Files\JetBrains\IntelliJ IDEA 2024.1.4\bin;;C:\Program Files\JetBrains\IntelliJ IDEA Community Edition 2024.1.4\bin;;C:\Users\HP\AppData\Roaming\npm
USERNAME=HP
OS=Windows_NT
PROCESSOR_IDENTIFIER=Intel64 Family 6 Model 142 Stepping 11, GenuineIntel
TMP=C:\Users\HP\AppData\Local\Temp
TEMP=C:\Users\HP\AppData\Local\Temp




Periodic native trim disabled

---------------  S Y S T E M  ---------------

OS:
 Windows 11 , 64 bit Build 25267 (10.0.25267.1000)
OS uptime: 2 days 0:08 hours

CPU: total 8 (initial active 8) (4 cores per cpu, 2 threads per core) family 6 model 142 stepping 11 microcode 0xf0, cx8, cmov, fxsr, ht, mmx, 3dnowpref, sse, sse2, sse3, ssse3, sse4.1, sse4.2, popcnt, lzcnt, tsc, tscinvbit, avx, avx2, aes, erms, clmul, bmi1, bmi2, adx, fma, vzeroupper, clflush, clflushopt, rdtscp, f16c
Processor Information for all 8 processors :
  Max Mhz: 1800, Current Mhz: 1600, Mhz Limit: 1584

Memory: 4k page, system-wide physical 8073M (416M free)
TotalPageFile size 15236M (AvailPageFile size 1M)
current process WorkingSet (physical memory assigned to process): 93M, peak: 93M
current process commit charge ("private bytes"): 234M, peak: 234M

vm_info: Java HotSpot(TM) 64-Bit Server VM (21.0.2+13-LTS-58) for windows-amd64 JRE (21.0.2+13-LTS-58), built on 2024-01-05T18:32:24Z by "mach5one" with MS VC++ 17.1 (VS2022)

END.
